<?xml version="1.0" encoding="UTF-8"?>
<!-- Generated by org.testng.reporters.JUnitXMLReporter -->
<testsuite ignored="0" hostname="DESKTOP-ES1VFMQ" failures="0" tests="3" name="Default test" time="74.448" errors="0" timestamp="09 Jun 2018 02:23:37 GMT">
  <testcase classname="com.actitimetestNG.user.UserTest" name="createUserTest" time="12.84"/>
  <testcase classname="com.actitimetestNG.user.UserTest" name="modifyTest" time="13.04"/>
  <testcase classname="com.actitimetestNG.user.UserTest" name="searchUserTest" time="14.647"/>
</testsuite> <!-- Default test -->
