<?xml version="1.0" encoding="UTF-8"?>
<testng-results ignored="0" total="3" passed="3" failed="0" skipped="0">
  <reporter-output>
  </reporter-output>
  <suite started-at="2018-06-09T02:22:23Z" name="Default suite" finished-at="2018-06-09T02:23:37Z" duration-ms="74448">
    <groups>
    </groups>
    <test started-at="2018-06-09T02:22:23Z" name="Default test" finished-at="2018-06-09T02:23:37Z" duration-ms="74448">
      <class name="com.actitimetestNG.user.UserTest">
        <test-method is-config="true" signature="configBC()[pri:0, instance:com.actitimetestNG.user.UserTest@76ed1b7c]" started-at="2018-06-09T02:22:23Z" name="configBC" finished-at="2018-06-09T02:22:28Z" duration-ms="5018" status="PASS">
          <reporter-output>
          </reporter-output>
        </test-method> <!-- configBC -->
        <test-method is-config="true" signature="configBm()[pri:0, instance:com.actitimetestNG.user.UserTest@76ed1b7c]" started-at="2018-06-09T02:22:28Z" name="configBm" finished-at="2018-06-09T02:22:33Z" duration-ms="5100" status="PASS">
          <reporter-output>
          </reporter-output>
        </test-method> <!-- configBm -->
        <test-method signature="createUserTest()[pri:0, instance:com.actitimetestNG.user.UserTest@76ed1b7c]" started-at="2018-06-09T02:22:33Z" name="createUserTest" finished-at="2018-06-09T02:22:46Z" duration-ms="12840" status="PASS">
          <reporter-output>
          </reporter-output>
        </test-method> <!-- createUserTest -->
        <test-method is-config="true" signature="configAM()[pri:0, instance:com.actitimetestNG.user.UserTest@76ed1b7c]" started-at="2018-06-09T02:22:46Z" name="configAM" finished-at="2018-06-09T02:22:47Z" duration-ms="1456" status="PASS">
          <reporter-output>
          </reporter-output>
        </test-method> <!-- configAM -->
        <test-method is-config="true" signature="configBm()[pri:0, instance:com.actitimetestNG.user.UserTest@76ed1b7c]" started-at="2018-06-09T02:22:47Z" name="configBm" finished-at="2018-06-09T02:22:49Z" duration-ms="1583" status="PASS">
          <reporter-output>
          </reporter-output>
        </test-method> <!-- configBm -->
        <test-method signature="modifyTest()[pri:0, instance:com.actitimetestNG.user.UserTest@76ed1b7c]" started-at="2018-06-09T02:22:49Z" name="modifyTest" finished-at="2018-06-09T02:23:02Z" duration-ms="13040" status="PASS">
          <reporter-output>
          </reporter-output>
        </test-method> <!-- modifyTest -->
        <test-method is-config="true" signature="configAM()[pri:0, instance:com.actitimetestNG.user.UserTest@76ed1b7c]" started-at="2018-06-09T02:23:02Z" name="configAM" finished-at="2018-06-09T02:23:03Z" duration-ms="1294" status="PASS">
          <reporter-output>
          </reporter-output>
        </test-method> <!-- configAM -->
        <test-method is-config="true" signature="configBm()[pri:0, instance:com.actitimetestNG.user.UserTest@76ed1b7c]" started-at="2018-06-09T02:23:03Z" name="configBm" finished-at="2018-06-09T02:23:05Z" duration-ms="1795" status="PASS">
          <reporter-output>
          </reporter-output>
        </test-method> <!-- configBm -->
        <test-method signature="searchUserTest()[pri:0, instance:com.actitimetestNG.user.UserTest@76ed1b7c]" started-at="2018-06-09T02:23:05Z" name="searchUserTest" finished-at="2018-06-09T02:23:20Z" duration-ms="14647" status="PASS">
          <reporter-output>
          </reporter-output>
        </test-method> <!-- searchUserTest -->
        <test-method is-config="true" signature="configAM()[pri:0, instance:com.actitimetestNG.user.UserTest@76ed1b7c]" started-at="2018-06-09T02:23:20Z" name="configAM" finished-at="2018-06-09T02:23:34Z" duration-ms="13829" status="PASS">
          <reporter-output>
          </reporter-output>
        </test-method> <!-- configAM -->
        <test-method is-config="true" signature="configAC()[pri:0, instance:com.actitimetestNG.user.UserTest@76ed1b7c]" started-at="2018-06-09T02:23:34Z" name="configAC" finished-at="2018-06-09T02:23:37Z" duration-ms="3781" status="PASS">
          <reporter-output>
          </reporter-output>
        </test-method> <!-- configAC -->
      </class> <!-- com.actitimetestNG.user.UserTest -->
    </test> <!-- Default test -->
  </suite> <!-- Default suite -->
</testng-results>
